DiagnosticsPlugin.exe Information: 0 : [5/31/2015 11:22:27 PM] Starting DiagnosticPlugin.exe DiagnosticPlugin-ShutdownEvent DiagnosticPlugin-TotalShutdownEvent -wadVer1v4
DiagnosticsPlugin.exe Error: 0 : [5/31/2015 11:22:27 PM] Failed to save IIS Directory state
DiagnosticsPlugin.exe Error: 0 : [5/31/2015 11:22:27 PM] System.Runtime.InteropServices.COMException (0x80040154): Retrieving the COM class factory for component with CLSID {2B72133B-3F5B-4602-8952-803546CE3344} failed due to the following error: 80040154 Class not registered (Exception from HRESULT: 0x80040154 (REGDB_E_CLASSNOTREG)).
   at System.Runtime.Remoting.RemotingServices.AllocateUninitializedObject(RuntimeType objectType)
   at System.Runtime.Remoting.Activation.ActivationServices.CreateInstance(RuntimeType serverType)
   at System.Runtime.Remoting.Activation.ActivationServices.IsCurrentContextOK(RuntimeType serverType, Object[] props, Boolean bNewObj)
   at System.RuntimeTypeHandle.CreateInstance(RuntimeType type, Boolean publicOnly, Boolean noCheck, Boolean& canBeCached, RuntimeMethodHandleInternal& ctor, Boolean& bNeedSecurityCheck)
   at System.RuntimeType.CreateInstanceSlow(Boolean publicOnly, Boolean skipCheckThis, Boolean fillCache, StackCrawlMark& stackMark)
   at System.RuntimeType.CreateInstanceDefaultCtor(Boolean publicOnly, Boolean skipCheckThis, Boolean fillCache, StackCrawlMark& stackMark)
   at System.Activator.CreateInstance[T]()
   at Microsoft.Web.Administration.ConfigurationManager.CreateAdminManager[TClass,TInterface](WebConfigurationMap webConfigMap, Boolean isAdminConfig)
   at Microsoft.Web.Administration.ConfigurationManager.CreateConfiguration(WebConfigurationMap configMap, String configPathToEdit, Boolean isAdminConfig)
   at Microsoft.Web.Administration.ConfigurationManager.GetConfiguration(String rawConfigurationPath, String cacheKey, Boolean isAdminConfig)
   at Microsoft.Web.Administration.ServerManager.get_Sites()
   at Microsoft.Azure.Plugins.Plugin.DiagnosticsPluginManager.SaveIISDirectoryState()
DiagnosticsPlugin.exe Information: 0 : [5/31/2015 11:22:27 PM] Starting DiagnosticsPlugin
DiagnosticsPlugin.exe Information: 0 : [5/31/2015 11:22:27 PM] Emulator config file set to C:\Users\Alex\Documents\GitHub\INFO344-SearchEngine\ProgrammingAssignment3ANS\ProgrammingAssignment3ANS\csx\Debug\roles\PA3WorkerRole\approot\diagnostics.wadcfgx
DiagnosticsPlugin.exe Information: 0 : [5/31/2015 11:22:27 PM] DiagnosticsStoreRootPath set to: C:\Users\Alex\AppData\Local\dftmp\Resources\da9dd069-fd2e-4a03-b071-f3777edc60eb
DiagnosticsPlugin.exe Information: 0 : [5/31/2015 11:22:27 PM] Loading config file: C:\Users\Alex\Documents\GitHub\INFO344-SearchEngine\ProgrammingAssignment3ANS\ProgrammingAssignment3ANS\csx\Debug\roles\PA3WorkerRole\approot\diagnostics.wadcfgx
DiagnosticsPlugin.exe Information: 0 : [5/31/2015 11:22:27 PM] Checking VM Type
DiagnosticsPlugin.exe Information: 0 : [5/31/2015 11:22:27 PM] Emulator config file set to C:\Users\Alex\Documents\GitHub\INFO344-SearchEngine\ProgrammingAssignment3ANS\ProgrammingAssignment3ANS\csx\Debug\roles\PA3WorkerRole\approot\diagnostics.wadcfgx
DiagnosticsPlugin.exe Information: 0 : [5/31/2015 11:22:27 PM] Extension set to Emulator Mode
DiagnosticsPlugin.exe Information: 0 : [5/31/2015 11:22:27 PM] Reading XML configuration file
DiagnosticsPlugin.exe Information: 0 : [5/31/2015 11:22:27 PM] Bypassing private config decryption
DiagnosticsPlugin.exe Information: 0 : [5/31/2015 11:22:27 PM] WadCfg is provided in initial configuration. Using that to initialize Diagnostics.
DiagnosticsPlugin.exe Information: 0 : [5/31/2015 11:22:27 PM] <PublicConfig xmlns="http://schemas.microsoft.com/ServiceHosting/2010/10/DiagnosticsConfiguration">
  <WadCfg>
    <DiagnosticMonitorConfiguration overallQuotaInMB="4096">
      <DiagnosticInfrastructureLogs scheduledTransferLogLevelFilter="Error" />
      <Logs scheduledTransferPeriod="PT1M" scheduledTransferLogLevelFilter="Error" />
      <Directories scheduledTransferPeriod="PT1M">
        <IISLogs containerName="wad-iis-logfiles" />
        <FailedRequestLogs containerName="wad-failedrequestlogs" />
      </Directories>
      <WindowsEventLog scheduledTransferPeriod="PT1M">
        <DataSource name="Application!*" />
      </WindowsEventLog>
      <CrashDumps containerName="wad-crashdumps" dumpType="Mini">
        <CrashDumpConfiguration processName="WaIISHost.exe" />
        <CrashDumpConfiguration processName="WaWorkerHost.exe" />
        <CrashDumpConfiguration processName="w3wp.exe" />
      </CrashDumps>
      <PerformanceCounters scheduledTransferPeriod="PT1M">
        <PerformanceCounterConfiguration counterSpecifier="\Memory\Available MBytes" sampleRate="PT3M" />
        <PerformanceCounterConfiguration counterSpecifier="\Web Service(_Total)\ISAPI Extension Requests/sec" sampleRate="PT3M" />
        <PerformanceCounterConfiguration counterSpecifier="\Web Service(_Total)\Bytes Total/Sec" sampleRate="PT3M" />
        <PerformanceCounterConfiguration counterSpecifier="\ASP.NET Applications(__Total__)\Requests/Sec" sampleRate="PT3M" />
        <PerformanceCounterConfiguration counterSpecifier="\ASP.NET Applications(__Total__)\Errors Total/Sec" sampleRate="PT3M" />
        <PerformanceCounterConfiguration counterSpecifier="\ASP.NET\Requests Queued" sampleRate="PT3M" />
        <PerformanceCounterConfiguration counterSpecifier="\ASP.NET\Requests Rejected" sampleRate="PT3M" />
        <PerformanceCounterConfiguration counterSpecifier="\Processor(_Total)\% Processor Time" sampleRate="PT3M" />
      </PerformanceCounters>
    </DiagnosticMonitorConfiguration>
  </WadCfg>
  <StorageAccount>devstoreaccount1</StorageAccount>
</PublicConfig>
DiagnosticsPlugin.exe Information: 0 : [5/31/2015 11:22:27 PM] Private setting is loaded
DiagnosticsPlugin.exe Information: 0 : [5/31/2015 11:22:28 PM] Successfully created checkpoint file C:\Users\Alex\AppData\Local\dftmp\Resources\da9dd069-fd2e-4a03-b071-f3777edc60eb\WAD0104\Configuration\Checkpoint.txt
DiagnosticsPlugin.exe Information: 0 : [5/31/2015 11:22:28 PM] Will use local resource directory C:\Users\Alex\AppData\Local\dftmp\Resources\da9dd069-fd2e-4a03-b071-f3777edc60eb\WAD0104
DiagnosticsPlugin.exe Information: 0 : [5/31/2015 11:22:28 PM] Will use endpoint https://core.windows.net for storage.
DiagnosticsPlugin.exe Error: 0 : [5/31/2015 11:22:28 PM] Exception in creating the ServerManager; is IIS installed?
 Error:System.Runtime.InteropServices.COMException (0x80040154): Retrieving the COM class factory for component with CLSID {2B72133B-3F5B-4602-8952-803546CE3344} failed due to the following error: 80040154 Class not registered (Exception from HRESULT: 0x80040154 (REGDB_E_CLASSNOTREG)).
   at System.Runtime.Remoting.RemotingServices.AllocateUninitializedObject(RuntimeType objectType)
   at System.Runtime.Remoting.Activation.ActivationServices.CreateInstance(RuntimeType serverType)
   at System.Runtime.Remoting.Activation.ActivationServices.IsCurrentContextOK(RuntimeType serverType, Object[] props, Boolean bNewObj)
   at System.RuntimeTypeHandle.CreateInstance(RuntimeType type, Boolean publicOnly, Boolean noCheck, Boolean& canBeCached, RuntimeMethodHandleInternal& ctor, Boolean& bNeedSecurityCheck)
   at System.RuntimeType.CreateInstanceSlow(Boolean publicOnly, Boolean skipCheckThis, Boolean fillCache, StackCrawlMark& stackMark)
   at System.RuntimeType.CreateInstanceDefaultCtor(Boolean publicOnly, Boolean skipCheckThis, Boolean fillCache, StackCrawlMark& stackMark)
   at System.Activator.CreateInstance[T]()
   at Microsoft.Web.Administration.ConfigurationManager.CreateAdminManager[TClass,TInterface](WebConfigurationMap webConfigMap, Boolean isAdminConfig)
   at Microsoft.Web.Administration.ConfigurationManager.CreateConfiguration(WebConfigurationMap configMap, String configPathToEdit, Boolean isAdminConfig)
   at Microsoft.Web.Administration.ConfigurationManager.GetConfiguration(String rawConfigurationPath, String cacheKey, Boolean isAdminConfig)
   at Microsoft.Web.Administration.ServerManager.get_Sites()
   at Microsoft.Azure.Plugins.Plugin.WadConfigProcessor.AddDirectories(EventsType mdsEvents, Directories wadDirectories)
DiagnosticsPlugin.exe Information: 0 : [5/31/2015 11:22:28 PM] Running in emulator mode, crash dumps not enabled
DiagnosticsPlugin.exe Information: 0 : [5/31/2015 11:22:28 PM] In emulator mode and using devstore updating XStoreAccount info, command line args: -LocalPath "C:\Users\Alex\AppData\Local\dftmp\Resources\da9dd069-fd2e-4a03-b071-f3777edc60eb\WAD0104"  -ConfigFile "C:\Users\Alex\AppData\Local\dftmp\Resources\da9dd069-fd2e-4a03-b071-f3777edc60eb\WAD0104\Configuration\MaConfig.xml" -ShutDownEvent WADDM-ShutDown-e9781118594f4431bb48c7b335c691d9  -TotalShutDownEvent WADDM-TotalShutDown-e9781118594f4431bb48c7b335c691d9 -InitializedEvent WADM-StartUp-e9781118594f4431bb48c7b335c691d9 -parent 5968 -events -wadVer1v4 -UseProxyServer -XStoreAccounts WadAccount#true#devstoreaccount1#Eby8vdM02xNOcqFlqUwJPLlmEtlCDXJ1OUzFT50uSRZ6IFsuFq2UVErCz4I6tq/K1SZFPTOtr/KBHBeksoGMGw==#http://127.0.0.1:10002#http://127.0.0.1:10001#http://127.0.0.1:10000
